2019-11-17 16:16:13,708 comtypes DEBUG    Release <POINTER(IDispatch) ptr=0x281728c6578 at 28173c019c8>
2019-11-17 16:16:13,740 root INFO     =====================开始更新“未核销”=======================
2019-11-17 16:16:13,764 root INFO     ======================开始更新“应付”========================
2019-11-17 16:16:13,811 comtypes DEBUG    Release <POINTER(IDispatch) ptr=0x28172a79718 at 28173c01dc8>
2019-11-17 16:16:13,936 root INFO     ‘应付账款-非预提-修理及运行维护费-明细余额’，共52条正在更新...
2019-11-17 16:16:21,016 root INFO         新增：衡阳市蒸湘区启航科技服务中心
2019-11-17 16:16:21,723 root INFO         新增：衡阳市蒸湘区车翼汽车修理厂
2019-11-17 16:16:22,441 root INFO         新增：湖南超捷科技有限公司
2019-11-17 16:16:23,217 root INFO         新增：广东海悟科技有限公司
2019-11-17 16:16:23,232 root INFO     ‘应付账款-非预提-修理及运行维护费-明细余额’更新成功！ 耗时：9.30秒
2019-11-17 16:16:23,310 root INFO     ‘应付账款-采购设备及物料款-明细余额’，共279条正在更新...
2019-11-17 16:16:51,733 root INFO         新增：吴通控股集团股份有限公司
2019-11-17 16:16:52,410 root INFO         新增：华为技术服务有限公司
2019-11-17 16:16:53,097 root INFO         新增：深圳市科信通信技术股份有限公司
2019-11-17 16:16:53,785 root INFO         新增：通鼎互联信息股份有限公司
2019-11-17 16:16:54,488 root INFO         新增：双登集团股份有限公司
2019-11-17 16:16:55,285 root INFO         新增：广东省电信规划设计院有限公司
2019-11-17 16:16:55,989 root INFO         新增：银泰通信有限公司
2019-11-17 16:16:56,722 root INFO         新增：杭州兴达通信有限公司
2019-11-17 16:16:57,395 root INFO         新增：长飞光纤光缆股份有限公司
2019-11-17 16:16:58,043 root INFO         新增：深圳国人通信股份有限公司
2019-11-17 16:16:58,699 root INFO         新增：三维通信股份有限公司
2019-11-17 16:16:59,388 root INFO         新增：衡阳市双宏安防工程有限公司
2019-11-17 16:17:00,060 root INFO         新增：中讯邮电咨询设计院有限公司
2019-11-17 16:17:00,063 root INFO     ‘应付账款-采购设备及物料款-明细余额’更新成功！ 耗时：36.75秒
2019-11-17 16:17:00,127 root INFO     ‘应付账款-采购设备及物料款-明细余额’，共27条正在更新...
2019-11-17 16:17:03,970 root INFO         新增：中国铁塔股份有限公司衡阳市分公司
2019-11-17 16:17:03,985 root INFO     ‘应付账款-采购设备及物料款-明细余额’更新成功！ 耗时：3.86秒
2019-11-17 16:17:04,064 root INFO     ‘应付账款-工程劳务款-明细余额’，共7条正在更新...
2019-11-17 16:17:05,564 root INFO         新增：深圳国人通信技术服务有限公司
2019-11-17 16:17:06,261 root INFO         新增：山东省邮电工程有限公司
2019-11-17 16:17:07,004 root INFO         新增：湖南启辉建筑工程有限公司
2019-11-17 16:17:07,010 root INFO     ‘应付账款-工程劳务款-明细余额’更新成功！ 耗时：2.95秒
2019-11-17 16:17:07,011 root INFO     =======================更新完毕!=======================
2019-11-17 16:17:07,090 comtypes DEBUG    Calling CoUnititialize()
2019-11-17 16:17:07,090 comtypes DEBUG    CoUnititialize() done.
